{"C:\\Users\\Maxime\\Documents\\OneDrive - Collège de Maisonneuve\\AEC\\_centreAide\\41_FilmFrontend\\src\\main.jsx": {"path":"C:\\Users\\Maxime\\Documents\\OneDrive - Collège de Maisonneuve\\AEC\\_centreAide\\41_FilmFrontend\\src\\main.jsx","all":true,"statementMap":{"0":{"start":{"line":1,"column":0},"end":{"line":1,"column":21}},"1":{"start":{"line":2,"column":0},"end":{"line":2,"column":0}},"2":{"start":{"line":3,"column":0},"end":{"line":3,"column":26}},"3":{"start":{"line":4,"column":0},"end":{"line":4,"column":40}},"4":{"start":{"line":5,"column":0},"end":{"line":5,"column":39}},"5":{"start":{"line":6,"column":0},"end":{"line":6,"column":49}},"6":{"start":{"line":7,"column":0},"end":{"line":7,"column":0}},"7":{"start":{"line":8,"column":0},"end":{"line":8,"column":60}},"8":{"start":{"line":9,"column":0},"end":{"line":9,"column":22}},"9":{"start":{"line":10,"column":0},"end":{"line":10,"column":23}},"10":{"start":{"line":11,"column":0},"end":{"line":11,"column":19}},"11":{"start":{"line":12,"column":0},"end":{"line":12,"column":24}},"12":{"start":{"line":13,"column":0},"end":{"line":13,"column":23}},"13":{"start":{"line":14,"column":0},"end":{"line":14,"column":2}}},"s":{"0":0,"1":0,"2":0,"3":0,"4":0,"5":0,"6":0,"7":0,"8":0,"9":0,"10":0,"11":0,"12":0,"13":0},"branchMap":{"0":{"type":"branch","line":1,"loc":{"start":{"line":1,"column":0},"end":{"line":14,"column":2}},"locations":[{"start":{"line":1,"column":0},"end":{"line":14,"column":2}}]}},"b":{"0":[0]},"fnMap":{"0":{"name":"(empty-report)","decl":{"start":{"line":1,"column":0},"end":{"line":14,"column":2}},"loc":{"start":{"line":1,"column":0},"end":{"line":14,"column":2}},"line":1}},"f":{"0":0}}
,"C:\\Users\\Maxime\\Documents\\OneDrive - Collège de Maisonneuve\\AEC\\_centreAide\\41_FilmFrontend\\src\\components\\Accueil\\Accueil.jsx": {"path":"C:\\Users\\Maxime\\Documents\\OneDrive - Collège de Maisonneuve\\AEC\\_centreAide\\41_FilmFrontend\\src\\components\\Accueil\\Accueil.jsx","all":true,"statementMap":{"0":{"start":{"line":1,"column":0},"end":{"line":1,"column":20}},"1":{"start":{"line":2,"column":0},"end":{"line":2,"column":30}},"2":{"start":{"line":3,"column":0},"end":{"line":3,"column":1}},"3":{"start":{"line":4,"column":0},"end":{"line":4,"column":0}},"4":{"start":{"line":5,"column":0},"end":{"line":5,"column":23}}},"s":{"0":0,"1":0,"2":0,"3":0,"4":0},"branchMap":{"0":{"type":"branch","line":1,"loc":{"start":{"line":1,"column":0},"end":{"line":5,"column":23}},"locations":[{"start":{"line":1,"column":0},"end":{"line":5,"column":23}}]}},"b":{"0":[0]},"fnMap":{"0":{"name":"(empty-report)","decl":{"start":{"line":1,"column":0},"end":{"line":5,"column":23}},"loc":{"start":{"line":1,"column":0},"end":{"line":5,"column":23}},"line":1}},"f":{"0":0}}
,"C:\\Users\\Maxime\\Documents\\OneDrive - Collège de Maisonneuve\\AEC\\_centreAide\\41_FilmFrontend\\src\\components\\App\\App.jsx": {"path":"C:\\Users\\Maxime\\Documents\\OneDrive - Collège de Maisonneuve\\AEC\\_centreAide\\41_FilmFrontend\\src\\components\\App\\App.jsx","all":true,"statementMap":{"0":{"start":{"line":1,"column":0},"end":{"line":1,"column":19}},"1":{"start":{"line":2,"column":0},"end":{"line":2,"column":49}},"2":{"start":{"line":3,"column":0},"end":{"line":3,"column":0}},"3":{"start":{"line":4,"column":0},"end":{"line":4,"column":38}},"4":{"start":{"line":5,"column":0},"end":{"line":5,"column":38}},"5":{"start":{"line":6,"column":0},"end":{"line":6,"column":50}},"6":{"start":{"line":7,"column":0},"end":{"line":7,"column":41}},"7":{"start":{"line":8,"column":0},"end":{"line":8,"column":50}},"8":{"start":{"line":9,"column":0},"end":{"line":9,"column":77}},"9":{"start":{"line":10,"column":0},"end":{"line":10,"column":0}},"10":{"start":{"line":11,"column":0},"end":{"line":11,"column":16}},"11":{"start":{"line":12,"column":0},"end":{"line":12,"column":12}},"12":{"start":{"line":13,"column":0},"end":{"line":13,"column":10}},"13":{"start":{"line":14,"column":0},"end":{"line":14,"column":22}},"14":{"start":{"line":15,"column":0},"end":{"line":15,"column":0}},"15":{"start":{"line":16,"column":0},"end":{"line":16,"column":20}},"16":{"start":{"line":17,"column":0},"end":{"line":17,"column":56}},"17":{"start":{"line":18,"column":0},"end":{"line":18,"column":64}},"18":{"start":{"line":19,"column":0},"end":{"line":19,"column":79}},"19":{"start":{"line":20,"column":0},"end":{"line":20,"column":68}},"20":{"start":{"line":21,"column":0},"end":{"line":21,"column":16}},"21":{"start":{"line":22,"column":0},"end":{"line":22,"column":21}},"22":{"start":{"line":23,"column":0},"end":{"line":23,"column":22}},"23":{"start":{"line":24,"column":0},"end":{"line":24,"column":11}},"24":{"start":{"line":25,"column":0},"end":{"line":25,"column":6}},"25":{"start":{"line":26,"column":0},"end":{"line":26,"column":1}},"26":{"start":{"line":27,"column":0},"end":{"line":27,"column":0}},"27":{"start":{"line":28,"column":0},"end":{"line":28,"column":19}}},"s":{"0":0,"1":0,"2":0,"3":0,"4":0,"5":0,"6":0,"7":0,"8":0,"9":0,"10":0,"11":0,"12":0,"13":0,"14":0,"15":0,"16":0,"17":0,"18":0,"19":0,"20":0,"21":0,"22":0,"23":0,"24":0,"25":0,"26":0,"27":0},"branchMap":{"0":{"type":"branch","line":1,"loc":{"start":{"line":1,"column":0},"end":{"line":28,"column":19}},"locations":[{"start":{"line":1,"column":0},"end":{"line":28,"column":19}}]}},"b":{"0":[0]},"fnMap":{"0":{"name":"(empty-report)","decl":{"start":{"line":1,"column":0},"end":{"line":28,"column":19}},"loc":{"start":{"line":1,"column":0},"end":{"line":28,"column":19}},"line":1}},"f":{"0":0}}
,"C:\\Users\\Maxime\\Documents\\OneDrive - Collège de Maisonneuve\\AEC\\_centreAide\\41_FilmFrontend\\src\\components\\DetailFilm\\DetailFilm.jsx": {"path":"C:\\Users\\Maxime\\Documents\\OneDrive - Collège de Maisonneuve\\AEC\\_centreAide\\41_FilmFrontend\\src\\components\\DetailFilm\\DetailFilm.jsx","all":true,"statementMap":{"0":{"start":{"line":1,"column":0},"end":{"line":1,"column":44}},"1":{"start":{"line":2,"column":0},"end":{"line":2,"column":58}},"2":{"start":{"line":3,"column":0},"end":{"line":3,"column":22}},"3":{"start":{"line":4,"column":0},"end":{"line":4,"column":0}},"4":{"start":{"line":5,"column":0},"end":{"line":5,"column":23}},"5":{"start":{"line":6,"column":0},"end":{"line":6,"column":31}},"6":{"start":{"line":7,"column":0},"end":{"line":7,"column":35}},"7":{"start":{"line":8,"column":0},"end":{"line":8,"column":0}},"8":{"start":{"line":9,"column":0},"end":{"line":9,"column":36}},"9":{"start":{"line":10,"column":0},"end":{"line":10,"column":15}},"10":{"start":{"line":11,"column":0},"end":{"line":11,"column":18}},"11":{"start":{"line":12,"column":0},"end":{"line":12,"column":21}},"12":{"start":{"line":13,"column":0},"end":{"line":13,"column":24}},"13":{"start":{"line":14,"column":0},"end":{"line":14,"column":18}},"14":{"start":{"line":15,"column":0},"end":{"line":15,"column":24}},"15":{"start":{"line":16,"column":0},"end":{"line":16,"column":26}},"16":{"start":{"line":17,"column":0},"end":{"line":17,"column":7}},"17":{"start":{"line":18,"column":0},"end":{"line":18,"column":0}},"18":{"start":{"line":19,"column":0},"end":{"line":19,"column":21}},"19":{"start":{"line":20,"column":0},"end":{"line":20,"column":36}},"20":{"start":{"line":21,"column":0},"end":{"line":21,"column":95}},"21":{"start":{"line":22,"column":0},"end":{"line":22,"column":53}},"22":{"start":{"line":23,"column":0},"end":{"line":23,"column":33}},"23":{"start":{"line":24,"column":0},"end":{"line":24,"column":9}},"24":{"start":{"line":25,"column":0},"end":{"line":25,"column":0}},"25":{"start":{"line":26,"column":0},"end":{"line":26,"column":20}},"26":{"start":{"line":27,"column":0},"end":{"line":27,"column":13}},"27":{"start":{"line":28,"column":0},"end":{"line":28,"column":0}},"28":{"start":{"line":29,"column":0},"end":{"line":29,"column":32}},"29":{"start":{"line":30,"column":0},"end":{"line":30,"column":28}},"30":{"start":{"line":31,"column":0},"end":{"line":31,"column":29}},"31":{"start":{"line":32,"column":0},"end":{"line":32,"column":10}},"32":{"start":{"line":33,"column":0},"end":{"line":33,"column":103}},"33":{"start":{"line":34,"column":0},"end":{"line":34,"column":0}},"34":{"start":{"line":35,"column":0},"end":{"line":35,"column":33}},"35":{"start":{"line":36,"column":0},"end":{"line":36,"column":31}},"36":{"start":{"line":37,"column":0},"end":{"line":37,"column":9}},"37":{"start":{"line":38,"column":0},"end":{"line":38,"column":5}},"38":{"start":{"line":39,"column":0},"end":{"line":39,"column":0}},"39":{"start":{"line":40,"column":0},"end":{"line":40,"column":12}},"40":{"start":{"line":41,"column":0},"end":{"line":41,"column":32}},"41":{"start":{"line":42,"column":0},"end":{"line":42,"column":33}},"42":{"start":{"line":43,"column":0},"end":{"line":43,"column":39}},"43":{"start":{"line":44,"column":0},"end":{"line":44,"column":31}},"44":{"start":{"line":45,"column":0},"end":{"line":45,"column":57}},"45":{"start":{"line":46,"column":0},"end":{"line":46,"column":71}},"46":{"start":{"line":47,"column":0},"end":{"line":47,"column":60}},"47":{"start":{"line":48,"column":0},"end":{"line":48,"column":14}},"48":{"start":{"line":49,"column":0},"end":{"line":49,"column":6}},"49":{"start":{"line":50,"column":0},"end":{"line":50,"column":1}},"50":{"start":{"line":51,"column":0},"end":{"line":51,"column":0}},"51":{"start":{"line":52,"column":0},"end":{"line":52,"column":26}}},"s":{"0":0,"1":0,"2":0,"3":0,"4":0,"5":0,"6":0,"7":0,"8":0,"9":0,"10":0,"11":0,"12":0,"13":0,"14":0,"15":0,"16":0,"17":0,"18":0,"19":0,"20":0,"21":0,"22":0,"23":0,"24":0,"25":0,"26":0,"27":0,"28":0,"29":0,"30":0,"31":0,"32":0,"33":0,"34":0,"35":0,"36":0,"37":0,"38":0,"39":0,"40":0,"41":0,"42":0,"43":0,"44":0,"45":0,"46":0,"47":0,"48":0,"49":0,"50":0,"51":0},"branchMap":{"0":{"type":"branch","line":1,"loc":{"start":{"line":1,"column":0},"end":{"line":52,"column":26}},"locations":[{"start":{"line":1,"column":0},"end":{"line":52,"column":26}}]}},"b":{"0":[0]},"fnMap":{"0":{"name":"(empty-report)","decl":{"start":{"line":1,"column":0},"end":{"line":52,"column":26}},"loc":{"start":{"line":1,"column":0},"end":{"line":52,"column":26}},"line":1}},"f":{"0":0}}
,"C:\\Users\\Maxime\\Documents\\OneDrive - Collège de Maisonneuve\\AEC\\_centreAide\\41_FilmFrontend\\src\\components\\Footer\\Footer.jsx": {"path":"C:\\Users\\Maxime\\Documents\\OneDrive - Collège de Maisonneuve\\AEC\\_centreAide\\41_FilmFrontend\\src\\components\\Footer\\Footer.jsx","all":false,"statementMap":{"0":{"start":{"line":1,"column":0},"end":{"line":1,"column":22}},"2":{"start":{"line":3,"column":0},"end":{"line":3,"column":19}},"3":{"start":{"line":4,"column":0},"end":{"line":4,"column":43}},"4":{"start":{"line":5,"column":0},"end":{"line":5,"column":64}},"5":{"start":{"line":6,"column":0},"end":{"line":6,"column":1}},"7":{"start":{"line":8,"column":0},"end":{"line":8,"column":22}}},"s":{"0":1,"2":2,"3":2,"4":2,"5":2,"7":1},"branchMap":{"0":{"type":"branch","line":3,"loc":{"start":{"line":3,"column":0},"end":{"line":6,"column":1}},"locations":[{"start":{"line":3,"column":0},"end":{"line":6,"column":1}}]}},"b":{"0":[2]},"fnMap":{"0":{"name":"Footer","decl":{"start":{"line":3,"column":0},"end":{"line":6,"column":1}},"loc":{"start":{"line":3,"column":0},"end":{"line":6,"column":1}},"line":3}},"f":{"0":2}}
,"C:\\Users\\Maxime\\Documents\\OneDrive - Collège de Maisonneuve\\AEC\\_centreAide\\41_FilmFrontend\\src\\components\\FormulaireAjoutFilm\\FormulaireAjoutFilm.jsx": {"path":"C:\\Users\\Maxime\\Documents\\OneDrive - Collège de Maisonneuve\\AEC\\_centreAide\\41_FilmFrontend\\src\\components\\FormulaireAjoutFilm\\FormulaireAjoutFilm.jsx","all":true,"statementMap":{"0":{"start":{"line":1,"column":0},"end":{"line":1,"column":52}},"1":{"start":{"line":2,"column":0},"end":{"line":2,"column":47}},"2":{"start":{"line":3,"column":0},"end":{"line":3,"column":46}},"3":{"start":{"line":4,"column":0},"end":{"line":4,"column":0}},"4":{"start":{"line":5,"column":0},"end":{"line":5,"column":32}},"5":{"start":{"line":6,"column":0},"end":{"line":6,"column":35}},"6":{"start":{"line":7,"column":0},"end":{"line":7,"column":29}},"7":{"start":{"line":8,"column":0},"end":{"line":8,"column":45}},"8":{"start":{"line":9,"column":0},"end":{"line":9,"column":72}},"9":{"start":{"line":10,"column":0},"end":{"line":10,"column":52}},"10":{"start":{"line":11,"column":0},"end":{"line":11,"column":18}},"11":{"start":{"line":12,"column":0},"end":{"line":12,"column":24}},"12":{"start":{"line":13,"column":0},"end":{"line":13,"column":24}},"13":{"start":{"line":14,"column":0},"end":{"line":14,"column":18}},"14":{"start":{"line":15,"column":0},"end":{"line":15,"column":26}},"15":{"start":{"line":16,"column":0},"end":{"line":16,"column":19}},"16":{"start":{"line":17,"column":0},"end":{"line":17,"column":7}},"17":{"start":{"line":18,"column":0},"end":{"line":18,"column":0}},"18":{"start":{"line":19,"column":0},"end":{"line":19,"column":47}},"19":{"start":{"line":20,"column":0},"end":{"line":20,"column":0}},"20":{"start":{"line":21,"column":0},"end":{"line":21,"column":21}},"21":{"start":{"line":22,"column":0},"end":{"line":22,"column":24}},"22":{"start":{"line":23,"column":0},"end":{"line":23,"column":11}},"23":{"start":{"line":24,"column":0},"end":{"line":24,"column":0}},"24":{"start":{"line":25,"column":0},"end":{"line":25,"column":21}},"25":{"start":{"line":26,"column":0},"end":{"line":26,"column":24}},"26":{"start":{"line":27,"column":0},"end":{"line":27,"column":22}},"27":{"start":{"line":28,"column":0},"end":{"line":28,"column":0}},"28":{"start":{"line":29,"column":0},"end":{"line":29,"column":21}},"29":{"start":{"line":30,"column":0},"end":{"line":30,"column":60}},"30":{"start":{"line":31,"column":0},"end":{"line":31,"column":41}},"31":{"start":{"line":32,"column":0},"end":{"line":32,"column":17}},"32":{"start":{"line":33,"column":0},"end":{"line":33,"column":0}},"33":{"start":{"line":34,"column":0},"end":{"line":34,"column":39}},"34":{"start":{"line":35,"column":0},"end":{"line":35,"column":46}},"35":{"start":{"line":36,"column":0},"end":{"line":36,"column":32}},"36":{"start":{"line":37,"column":0},"end":{"line":37,"column":34}},"37":{"start":{"line":38,"column":0},"end":{"line":38,"column":0}},"38":{"start":{"line":39,"column":0},"end":{"line":39,"column":67}},"39":{"start":{"line":40,"column":0},"end":{"line":40,"column":41}},"40":{"start":{"line":41,"column":0},"end":{"line":41,"column":5}},"41":{"start":{"line":42,"column":0},"end":{"line":42,"column":0}},"42":{"start":{"line":43,"column":0},"end":{"line":43,"column":30}},"43":{"start":{"line":44,"column":0},"end":{"line":44,"column":36}},"44":{"start":{"line":45,"column":0},"end":{"line":45,"column":58}},"45":{"start":{"line":46,"column":0},"end":{"line":46,"column":0}},"46":{"start":{"line":47,"column":0},"end":{"line":47,"column":44}},"47":{"start":{"line":48,"column":0},"end":{"line":48,"column":62}},"48":{"start":{"line":49,"column":0},"end":{"line":49,"column":36}},"49":{"start":{"line":50,"column":0},"end":{"line":50,"column":67}},"50":{"start":{"line":51,"column":0},"end":{"line":51,"column":9}},"51":{"start":{"line":52,"column":0},"end":{"line":52,"column":0}},"52":{"start":{"line":53,"column":0},"end":{"line":53,"column":37}},"53":{"start":{"line":54,"column":0},"end":{"line":54,"column":120}},"54":{"start":{"line":55,"column":0},"end":{"line":55,"column":5}},"55":{"start":{"line":56,"column":0},"end":{"line":56,"column":0}},"56":{"start":{"line":57,"column":0},"end":{"line":57,"column":39}},"57":{"start":{"line":58,"column":0},"end":{"line":58,"column":46}},"58":{"start":{"line":59,"column":0},"end":{"line":59,"column":35}},"59":{"start":{"line":60,"column":0},"end":{"line":60,"column":39}},"60":{"start":{"line":61,"column":0},"end":{"line":61,"column":0}},"61":{"start":{"line":62,"column":0},"end":{"line":62,"column":43}},"62":{"start":{"line":63,"column":0},"end":{"line":63,"column":0}},"63":{"start":{"line":64,"column":0},"end":{"line":64,"column":61}},"64":{"start":{"line":65,"column":0},"end":{"line":65,"column":42}},"65":{"start":{"line":66,"column":0},"end":{"line":66,"column":68}},"66":{"start":{"line":67,"column":0},"end":{"line":67,"column":67}},"67":{"start":{"line":68,"column":0},"end":{"line":68,"column":39}},"68":{"start":{"line":69,"column":0},"end":{"line":69,"column":15}},"69":{"start":{"line":70,"column":0},"end":{"line":70,"column":9}},"70":{"start":{"line":71,"column":0},"end":{"line":71,"column":0}},"71":{"start":{"line":72,"column":0},"end":{"line":72,"column":36}},"72":{"start":{"line":73,"column":0},"end":{"line":73,"column":5}},"73":{"start":{"line":74,"column":0},"end":{"line":74,"column":0}},"74":{"start":{"line":75,"column":0},"end":{"line":75,"column":50}},"75":{"start":{"line":76,"column":0},"end":{"line":76,"column":35}},"76":{"start":{"line":77,"column":0},"end":{"line":77,"column":0}},"77":{"start":{"line":78,"column":0},"end":{"line":78,"column":31}},"78":{"start":{"line":79,"column":0},"end":{"line":79,"column":30}},"79":{"start":{"line":80,"column":0},"end":{"line":80,"column":31}},"80":{"start":{"line":81,"column":0},"end":{"line":81,"column":26}},"81":{"start":{"line":82,"column":0},"end":{"line":82,"column":55}},"82":{"start":{"line":83,"column":0},"end":{"line":83,"column":18}},"83":{"start":{"line":84,"column":0},"end":{"line":84,"column":50}},"84":{"start":{"line":85,"column":0},"end":{"line":85,"column":14}},"85":{"start":{"line":86,"column":0},"end":{"line":86,"column":99}},"86":{"start":{"line":87,"column":0},"end":{"line":87,"column":57}},"87":{"start":{"line":88,"column":0},"end":{"line":88,"column":0}},"88":{"start":{"line":89,"column":0},"end":{"line":89,"column":29}},"89":{"start":{"line":90,"column":0},"end":{"line":90,"column":35}},"90":{"start":{"line":91,"column":0},"end":{"line":91,"column":20}},"91":{"start":{"line":92,"column":0},"end":{"line":92,"column":76}},"92":{"start":{"line":93,"column":0},"end":{"line":93,"column":13}},"93":{"start":{"line":94,"column":0},"end":{"line":94,"column":9}},"94":{"start":{"line":95,"column":0},"end":{"line":95,"column":5}},"95":{"start":{"line":96,"column":0},"end":{"line":96,"column":0}},"96":{"start":{"line":97,"column":0},"end":{"line":97,"column":12}},"97":{"start":{"line":98,"column":0},"end":{"line":98,"column":13}},"98":{"start":{"line":99,"column":0},"end":{"line":99,"column":72}},"99":{"start":{"line":100,"column":0},"end":{"line":100,"column":67}},"100":{"start":{"line":101,"column":0},"end":{"line":101,"column":45}},"101":{"start":{"line":102,"column":0},"end":{"line":102,"column":56}},"102":{"start":{"line":103,"column":0},"end":{"line":103,"column":26}},"103":{"start":{"line":104,"column":0},"end":{"line":104,"column":35}},"104":{"start":{"line":105,"column":0},"end":{"line":105,"column":36}},"105":{"start":{"line":106,"column":0},"end":{"line":106,"column":34}},"106":{"start":{"line":107,"column":0},"end":{"line":107,"column":48}},"107":{"start":{"line":108,"column":0},"end":{"line":108,"column":49}},"108":{"start":{"line":109,"column":0},"end":{"line":109,"column":37}},"109":{"start":{"line":110,"column":0},"end":{"line":110,"column":22}},"110":{"start":{"line":111,"column":0},"end":{"line":111,"column":67}},"111":{"start":{"line":112,"column":0},"end":{"line":112,"column":22}},"112":{"start":{"line":113,"column":0},"end":{"line":113,"column":0}},"113":{"start":{"line":114,"column":0},"end":{"line":114,"column":45}},"114":{"start":{"line":115,"column":0},"end":{"line":115,"column":68}},"115":{"start":{"line":116,"column":0},"end":{"line":116,"column":29}},"116":{"start":{"line":117,"column":0},"end":{"line":117,"column":42}},"117":{"start":{"line":118,"column":0},"end":{"line":118,"column":40}},"118":{"start":{"line":119,"column":0},"end":{"line":119,"column":48}},"119":{"start":{"line":120,"column":0},"end":{"line":120,"column":55}},"120":{"start":{"line":121,"column":0},"end":{"line":121,"column":22}},"121":{"start":{"line":122,"column":0},"end":{"line":122,"column":22}},"122":{"start":{"line":123,"column":0},"end":{"line":123,"column":0}},"123":{"start":{"line":124,"column":0},"end":{"line":124,"column":45}},"124":{"start":{"line":125,"column":0},"end":{"line":125,"column":74}},"125":{"start":{"line":126,"column":0},"end":{"line":126,"column":26}},"126":{"start":{"line":127,"column":0},"end":{"line":127,"column":35}},"127":{"start":{"line":128,"column":0},"end":{"line":128,"column":42}},"128":{"start":{"line":129,"column":0},"end":{"line":129,"column":40}},"129":{"start":{"line":130,"column":0},"end":{"line":130,"column":48}},"130":{"start":{"line":131,"column":0},"end":{"line":131,"column":55}},"131":{"start":{"line":132,"column":0},"end":{"line":132,"column":22}},"132":{"start":{"line":133,"column":0},"end":{"line":133,"column":22}},"133":{"start":{"line":134,"column":0},"end":{"line":134,"column":0}},"134":{"start":{"line":135,"column":0},"end":{"line":135,"column":45}},"135":{"start":{"line":136,"column":0},"end":{"line":136,"column":56}},"136":{"start":{"line":137,"column":0},"end":{"line":137,"column":116}},"137":{"start":{"line":138,"column":0},"end":{"line":138,"column":22}},"138":{"start":{"line":139,"column":0},"end":{"line":139,"column":0}},"139":{"start":{"line":140,"column":0},"end":{"line":140,"column":45}},"140":{"start":{"line":141,"column":0},"end":{"line":141,"column":73}},"141":{"start":{"line":142,"column":0},"end":{"line":142,"column":26}},"142":{"start":{"line":143,"column":0},"end":{"line":143,"column":35}},"143":{"start":{"line":144,"column":0},"end":{"line":144,"column":44}},"144":{"start":{"line":145,"column":0},"end":{"line":145,"column":42}},"145":{"start":{"line":146,"column":0},"end":{"line":146,"column":48}},"146":{"start":{"line":147,"column":0},"end":{"line":147,"column":57}},"147":{"start":{"line":148,"column":0},"end":{"line":148,"column":22}},"148":{"start":{"line":149,"column":0},"end":{"line":149,"column":22}},"149":{"start":{"line":150,"column":0},"end":{"line":150,"column":0}},"150":{"start":{"line":151,"column":0},"end":{"line":151,"column":60}},"151":{"start":{"line":152,"column":0},"end":{"line":152,"column":0}},"152":{"start":{"line":153,"column":0},"end":{"line":153,"column":54}},"153":{"start":{"line":154,"column":0},"end":{"line":154,"column":64}},"154":{"start":{"line":155,"column":0},"end":{"line":155,"column":103}},"155":{"start":{"line":156,"column":0},"end":{"line":156,"column":62}},"156":{"start":{"line":157,"column":0},"end":{"line":157,"column":101}},"157":{"start":{"line":158,"column":0},"end":{"line":158,"column":68}},"158":{"start":{"line":159,"column":0},"end":{"line":159,"column":107}},"159":{"start":{"line":160,"column":0},"end":{"line":160,"column":68}},"160":{"start":{"line":161,"column":0},"end":{"line":161,"column":107}},"161":{"start":{"line":162,"column":0},"end":{"line":162,"column":22}},"162":{"start":{"line":163,"column":0},"end":{"line":163,"column":0}},"163":{"start":{"line":164,"column":0},"end":{"line":164,"column":45}},"164":{"start":{"line":165,"column":0},"end":{"line":165,"column":104}},"165":{"start":{"line":166,"column":0},"end":{"line":166,"column":22}},"166":{"start":{"line":167,"column":0},"end":{"line":167,"column":19}},"167":{"start":{"line":168,"column":0},"end":{"line":168,"column":14}},"168":{"start":{"line":169,"column":0},"end":{"line":169,"column":6}},"169":{"start":{"line":170,"column":0},"end":{"line":170,"column":1}},"170":{"start":{"line":171,"column":0},"end":{"line":171,"column":0}},"171":{"start":{"line":172,"column":0},"end":{"line":172,"column":35}}},"s":{"0":0,"1":0,"2":0,"3":0,"4":0,"5":0,"6":0,"7":0,"8":0,"9":0,"10":0,"11":0,"12":0,"13":0,"14":0,"15":0,"16":0,"17":0,"18":0,"19":0,"20":0,"21":0,"22":0,"23":0,"24":0,"25":0,"26":0,"27":0,"28":0,"29":0,"30":0,"31":0,"32":0,"33":0,"34":0,"35":0,"36":0,"37":0,"38":0,"39":0,"40":0,"41":0,"42":0,"43":0,"44":0,"45":0,"46":0,"47":0,"48":0,"49":0,"50":0,"51":0,"52":0,"53":0,"54":0,"55":0,"56":0,"57":0,"58":0,"59":0,"60":0,"61":0,"62":0,"63":0,"64":0,"65":0,"66":0,"67":0,"68":0,"69":0,"70":0,"71":0,"72":0,"73":0,"74":0,"75":0,"76":0,"77":0,"78":0,"79":0,"80":0,"81":0,"82":0,"83":0,"84":0,"85":0,"86":0,"87":0,"88":0,"89":0,"90":0,"91":0,"92":0,"93":0,"94":0,"95":0,"96":0,"97":0,"98":0,"99":0,"100":0,"101":0,"102":0,"103":0,"104":0,"105":0,"106":0,"107":0,"108":0,"109":0,"110":0,"111":0,"112":0,"113":0,"114":0,"115":0,"116":0,"117":0,"118":0,"119":0,"120":0,"121":0,"122":0,"123":0,"124":0,"125":0,"126":0,"127":0,"128":0,"129":0,"130":0,"131":0,"132":0,"133":0,"134":0,"135":0,"136":0,"137":0,"138":0,"139":0,"140":0,"141":0,"142":0,"143":0,"144":0,"145":0,"146":0,"147":0,"148":0,"149":0,"150":0,"151":0,"152":0,"153":0,"154":0,"155":0,"156":0,"157":0,"158":0,"159":0,"160":0,"161":0,"162":0,"163":0,"164":0,"165":0,"166":0,"167":0,"168":0,"169":0,"170":0,"171":0},"branchMap":{"0":{"type":"branch","line":1,"loc":{"start":{"line":1,"column":0},"end":{"line":172,"column":35}},"locations":[{"start":{"line":1,"column":0},"end":{"line":172,"column":35}}]}},"b":{"0":[0]},"fnMap":{"0":{"name":"(empty-report)","decl":{"start":{"line":1,"column":0},"end":{"line":172,"column":35}},"loc":{"start":{"line":1,"column":0},"end":{"line":172,"column":35}},"line":1}},"f":{"0":0}}
,"C:\\Users\\Maxime\\Documents\\OneDrive - Collège de Maisonneuve\\AEC\\_centreAide\\41_FilmFrontend\\src\\components\\Header\\Header.jsx": {"path":"C:\\Users\\Maxime\\Documents\\OneDrive - Collège de Maisonneuve\\AEC\\_centreAide\\41_FilmFrontend\\src\\components\\Header\\Header.jsx","all":true,"statementMap":{"0":{"start":{"line":1,"column":0},"end":{"line":1,"column":22}},"1":{"start":{"line":2,"column":0},"end":{"line":2,"column":43}},"2":{"start":{"line":3,"column":0},"end":{"line":3,"column":19}},"3":{"start":{"line":4,"column":0},"end":{"line":4,"column":12}},"4":{"start":{"line":5,"column":0},"end":{"line":5,"column":16}},"5":{"start":{"line":6,"column":0},"end":{"line":6,"column":29}},"6":{"start":{"line":7,"column":0},"end":{"line":7,"column":17}},"7":{"start":{"line":8,"column":0},"end":{"line":8,"column":51}},"8":{"start":{"line":9,"column":0},"end":{"line":9,"column":64}},"9":{"start":{"line":10,"column":0},"end":{"line":10,"column":18}},"10":{"start":{"line":11,"column":0},"end":{"line":11,"column":17}},"11":{"start":{"line":12,"column":0},"end":{"line":12,"column":6}},"12":{"start":{"line":13,"column":0},"end":{"line":13,"column":1}},"13":{"start":{"line":14,"column":0},"end":{"line":14,"column":0}},"14":{"start":{"line":15,"column":0},"end":{"line":15,"column":22}}},"s":{"0":0,"1":0,"2":0,"3":0,"4":0,"5":0,"6":0,"7":0,"8":0,"9":0,"10":0,"11":0,"12":0,"13":0,"14":0},"branchMap":{"0":{"type":"branch","line":1,"loc":{"start":{"line":1,"column":0},"end":{"line":15,"column":22}},"locations":[{"start":{"line":1,"column":0},"end":{"line":15,"column":22}}]}},"b":{"0":[0]},"fnMap":{"0":{"name":"(empty-report)","decl":{"start":{"line":1,"column":0},"end":{"line":15,"column":22}},"loc":{"start":{"line":1,"column":0},"end":{"line":15,"column":22}},"line":1}},"f":{"0":0}}
,"C:\\Users\\Maxime\\Documents\\OneDrive - Collège de Maisonneuve\\AEC\\_centreAide\\41_FilmFrontend\\src\\components\\ListeFilms\\ListeFilms.jsx": {"path":"C:\\Users\\Maxime\\Documents\\OneDrive - Collège de Maisonneuve\\AEC\\_centreAide\\41_FilmFrontend\\src\\components\\ListeFilms\\ListeFilms.jsx","all":false,"statementMap":{"0":{"start":{"line":1,"column":0},"end":{"line":1,"column":44}},"1":{"start":{"line":2,"column":0},"end":{"line":2,"column":26}},"2":{"start":{"line":3,"column":0},"end":{"line":3,"column":56}},"4":{"start":{"line":5,"column":0},"end":{"line":5,"column":23}},"5":{"start":{"line":6,"column":0},"end":{"line":6,"column":19}},"7":{"start":{"line":8,"column":0},"end":{"line":8,"column":41}},"8":{"start":{"line":9,"column":0},"end":{"line":9,"column":46}},"10":{"start":{"line":11,"column":0},"end":{"line":11,"column":21}},"11":{"start":{"line":12,"column":0},"end":{"line":12,"column":36}},"12":{"start":{"line":13,"column":0},"end":{"line":13,"column":40}},"13":{"start":{"line":14,"column":0},"end":{"line":14,"column":99}},"14":{"start":{"line":15,"column":0},"end":{"line":15,"column":14}},"15":{"start":{"line":16,"column":0},"end":{"line":16,"column":29}},"16":{"start":{"line":17,"column":0},"end":{"line":17,"column":58}},"18":{"start":{"line":19,"column":0},"end":{"line":19,"column":35}},"19":{"start":{"line":20,"column":0},"end":{"line":20,"column":43}},"20":{"start":{"line":21,"column":0},"end":{"line":21,"column":17}},"21":{"start":{"line":22,"column":0},"end":{"line":22,"column":20}},"22":{"start":{"line":23,"column":0},"end":{"line":23,"column":47}},"23":{"start":{"line":24,"column":0},"end":{"line":24,"column":13}},"24":{"start":{"line":25,"column":0},"end":{"line":25,"column":9}},"26":{"start":{"line":27,"column":0},"end":{"line":27,"column":20}},"27":{"start":{"line":28,"column":0},"end":{"line":28,"column":19}},"29":{"start":{"line":30,"column":0},"end":{"line":30,"column":42}},"30":{"start":{"line":31,"column":0},"end":{"line":31,"column":47}},"31":{"start":{"line":32,"column":0},"end":{"line":32,"column":59}},"33":{"start":{"line":34,"column":0},"end":{"line":34,"column":64}},"34":{"start":{"line":35,"column":0},"end":{"line":35,"column":28}},"36":{"start":{"line":37,"column":0},"end":{"line":37,"column":28}},"37":{"start":{"line":38,"column":0},"end":{"line":38,"column":5}},"38":{"start":{"line":39,"column":0},"end":{"line":39,"column":12}},"39":{"start":{"line":40,"column":0},"end":{"line":40,"column":35}},"40":{"start":{"line":41,"column":0},"end":{"line":41,"column":36}},"41":{"start":{"line":42,"column":0},"end":{"line":42,"column":36}},"42":{"start":{"line":43,"column":0},"end":{"line":43,"column":38}},"43":{"start":{"line":44,"column":0},"end":{"line":44,"column":70}},"44":{"start":{"line":45,"column":0},"end":{"line":45,"column":19}},"45":{"start":{"line":46,"column":0},"end":{"line":46,"column":21}},"46":{"start":{"line":47,"column":0},"end":{"line":47,"column":91}},"48":{"start":{"line":49,"column":0},"end":{"line":49,"column":26}},"49":{"start":{"line":50,"column":0},"end":{"line":50,"column":90}},"51":{"start":{"line":52,"column":0},"end":{"line":52,"column":26}},"52":{"start":{"line":53,"column":0},"end":{"line":53,"column":22}},"53":{"start":{"line":54,"column":0},"end":{"line":54,"column":18}},"54":{"start":{"line":55,"column":0},"end":{"line":55,"column":14}},"56":{"start":{"line":57,"column":0},"end":{"line":57,"column":1}},"58":{"start":{"line":59,"column":0},"end":{"line":59,"column":26}}},"s":{"0":1,"1":1,"2":1,"4":3,"5":3,"7":3,"8":3,"10":3,"11":1,"12":1,"13":1,"14":1,"15":1,"16":1,"18":1,"19":1,"20":1,"21":1,"22":0,"23":0,"24":1,"26":1,"27":3,"29":3,"30":0,"31":0,"33":0,"34":0,"36":0,"37":0,"38":3,"39":3,"40":3,"41":3,"42":3,"43":2,"44":3,"45":3,"46":3,"48":3,"49":3,"51":3,"52":3,"53":3,"54":3,"56":3,"58":1},"branchMap":{"0":{"type":"branch","line":5,"loc":{"start":{"line":5,"column":0},"end":{"line":57,"column":1}},"locations":[{"start":{"line":5,"column":0},"end":{"line":57,"column":1}}]},"1":{"type":"branch","line":11,"loc":{"start":{"line":11,"column":14},"end":{"line":28,"column":7}},"locations":[{"start":{"line":11,"column":14},"end":{"line":28,"column":7}}]},"2":{"type":"branch","line":12,"loc":{"start":{"line":12,"column":8},"end":{"line":25,"column":9}},"locations":[{"start":{"line":12,"column":8},"end":{"line":25,"column":9}}]},"3":{"type":"branch","line":22,"loc":{"start":{"line":22,"column":12},"end":{"line":24,"column":13}},"locations":[{"start":{"line":22,"column":12},"end":{"line":24,"column":13}}]},"4":{"type":"branch","line":43,"loc":{"start":{"line":43,"column":27},"end":{"line":45,"column":17}},"locations":[{"start":{"line":43,"column":27},"end":{"line":45,"column":17}}]}},"b":{"0":[3],"1":[1],"2":[1],"3":[0],"4":[2]},"fnMap":{"0":{"name":"ListeFilms","decl":{"start":{"line":5,"column":0},"end":{"line":57,"column":1}},"loc":{"start":{"line":5,"column":0},"end":{"line":57,"column":1}},"line":5},"1":{"name":"fetchData","decl":{"start":{"line":12,"column":8},"end":{"line":25,"column":9}},"loc":{"start":{"line":12,"column":8},"end":{"line":25,"column":9}},"line":12},"2":{"name":"onClicPagination","decl":{"start":{"line":30,"column":4},"end":{"line":38,"column":5}},"loc":{"start":{"line":30,"column":4},"end":{"line":38,"column":5}},"line":30}},"f":{"0":3,"1":1,"2":0}}
,"C:\\Users\\Maxime\\Documents\\OneDrive - Collège de Maisonneuve\\AEC\\_centreAide\\41_FilmFrontend\\src\\components\\VignetteFilm\\VignetteFilm.jsx": {"path":"C:\\Users\\Maxime\\Documents\\OneDrive - Collège de Maisonneuve\\AEC\\_centreAide\\41_FilmFrontend\\src\\components\\VignetteFilm\\VignetteFilm.jsx","all":false,"statementMap":{"0":{"start":{"line":1,"column":0},"end":{"line":1,"column":47}},"2":{"start":{"line":3,"column":0},"end":{"line":3,"column":30}},"3":{"start":{"line":4,"column":0},"end":{"line":4,"column":27}},"4":{"start":{"line":5,"column":0},"end":{"line":5,"column":35}},"6":{"start":{"line":7,"column":0},"end":{"line":7,"column":36}},"7":{"start":{"line":8,"column":0},"end":{"line":8,"column":38}},"8":{"start":{"line":9,"column":0},"end":{"line":9,"column":5}},"10":{"start":{"line":11,"column":0},"end":{"line":11,"column":12}},"11":{"start":{"line":12,"column":0},"end":{"line":12,"column":65}},"12":{"start":{"line":13,"column":0},"end":{"line":13,"column":49}},"13":{"start":{"line":14,"column":0},"end":{"line":14,"column":70}},"14":{"start":{"line":15,"column":0},"end":{"line":15,"column":14}},"16":{"start":{"line":17,"column":0},"end":{"line":17,"column":1}},"18":{"start":{"line":19,"column":0},"end":{"line":19,"column":28}}},"s":{"0":1,"2":4,"3":4,"4":4,"6":4,"7":1,"8":1,"10":4,"11":4,"12":4,"13":4,"14":4,"16":4,"18":1},"branchMap":{"0":{"type":"branch","line":3,"loc":{"start":{"line":3,"column":0},"end":{"line":17,"column":1}},"locations":[{"start":{"line":3,"column":0},"end":{"line":17,"column":1}}]},"1":{"type":"branch","line":7,"loc":{"start":{"line":7,"column":4},"end":{"line":9,"column":5}},"locations":[{"start":{"line":7,"column":4},"end":{"line":9,"column":5}}]}},"b":{"0":[4],"1":[1]},"fnMap":{"0":{"name":"VignetteFilm","decl":{"start":{"line":3,"column":0},"end":{"line":17,"column":1}},"loc":{"start":{"line":3,"column":0},"end":{"line":17,"column":1}},"line":3},"1":{"name":"onClicVignette","decl":{"start":{"line":7,"column":4},"end":{"line":9,"column":5}},"loc":{"start":{"line":7,"column":4},"end":{"line":9,"column":5}},"line":7}},"f":{"0":4,"1":1}}
}
